<?xml version="1.0" encoding="UTF-8"?>
<testsuite xmlns:xsi="http://www.w3.org/2001/XMLSchema-instance" xsi:noNamespaceSchemaLocation="https://maven.apache.org/surefire/maven-surefire-plugin/xsd/surefire-test-report-3.0.xsd" version="3.0" name="com.camel.PolicyManagement.PolicyManagementApplicationTests" time="5.923" tests="1" errors="0" skipped="0" failures="0">
  <properties>
    <property name="java.specification.version" value="17"/>
    <property name="sun.jnu.encoding" value="UTF-8"/>
    <property name="java.class.path" value="/home/hp/Downloads/PolicyManagement/target/test-classes:/home/hp/Downloads/PolicyManagement/target/classes:/home/hp/.m2/repository/org/apache/camel/camel-thymeleaf/4.4.1/camel-thymeleaf-4.4.1.jar:/home/hp/.m2/repository/org/apache/camel/camel-support/4.4.1/camel-support-4.4.1.jar:/home/hp/.m2/repository/org/apache/camel/camel-api/4.4.1/camel-api-4.4.1.jar:/home/hp/.m2/repository/org/apache/camel/camel-management-api/4.4.1/camel-management-api-4.4.1.jar:/home/hp/.m2/repository/org/apache/camel/camel-util/4.4.1/camel-util-4.4.1.jar:/home/hp/.m2/repository/org/apache/camel/camel-util-json/4.4.1/camel-util-json-4.4.1.jar:/home/hp/.m2/repository/org/apache/camel/camel-xml-jaxp-util/4.4.1/camel-xml-jaxp-util-4.4.1.jar:/home/hp/.m2/repository/org/thymeleaf/thymeleaf/3.1.2.RELEASE/thymeleaf-3.1.2.RELEASE.jar:/home/hp/.m2/repository/ognl/ognl/3.3.4/ognl-3.3.4.jar:/home/hp/.m2/repository/org/javassist/javassist/3.29.0-GA/javassist-3.29.0-GA.jar:/home/hp/.m2/repository/org/attoparser/attoparser/2.0.7.RELEASE/attoparser-2.0.7.RELEASE.jar:/home/hp/.m2/repository/org/unbescape/unbescape/1.1.6.RELEASE/unbescape-1.1.6.RELEASE.jar:/home/hp/.m2/repository/org/apache/camel/camel-jpa/4.4.1/camel-jpa-4.4.1.jar:/home/hp/.m2/repository/org/apache/camel/camel-core-languages/4.4.1/camel-core-languages-4.4.1.jar:/home/hp/.m2/repository/org/apache/camel/camel-core-model/4.4.1/camel-core-model-4.4.1.jar:/home/hp/.m2/repository/org/apache/camel/camel-core-processor/4.4.1/camel-core-processor-4.4.1.jar:/home/hp/.m2/repository/org/apache/camel/camel-spring/4.4.1/camel-spring-4.4.1.jar:/home/hp/.m2/repository/org/springframework/spring-aop/6.1.6/spring-aop-6.1.6.jar:/home/hp/.m2/repository/org/springframework/spring-expression/6.1.6/spring-expression-6.1.6.jar:/home/hp/.m2/repository/org/springframework/spring-orm/6.1.6/spring-orm-6.1.6.jar:/home/hp/.m2/repository/jakarta/persistence/jakarta.persistence-api/3.1.0/jakarta.persistence-api-3.1.0.jar:/home/hp/.m2/repository/org/jsoup/jsoup/1.14.3/jsoup-1.14.3.jar:/home/hp/.m2/repository/org/xhtmlrenderer/flying-saucer-core/9.2.0/flying-saucer-core-9.2.0.jar:/home/hp/.m2/repository/org/xhtmlrenderer/flying-saucer-pdf-openpdf/9.2.0/flying-saucer-pdf-openpdf-9.2.0.jar:/home/hp/.m2/repository/com/lowagie/itext/2.1.7/itext-2.1.7.jar:/home/hp/.m2/repository/org/bouncycastle/bcmail-jdk14/1.76/bcmail-jdk14-1.76.jar:/home/hp/.m2/repository/org/bouncycastle/bcutil-jdk14/1.76/bcutil-jdk14-1.76.jar:/home/hp/.m2/repository/org/bouncycastle/bcpkix-jdk14/1.76/bcpkix-jdk14-1.76.jar:/home/hp/.m2/repository/org/bouncycastle/bctsp-jdk14/1.46/bctsp-jdk14-1.46.jar:/home/hp/.m2/repository/org/bouncycastle/bcprov-jdk14/1.76/bcprov-jdk14-1.76.jar:/home/hp/.m2/repository/org/springframework/boot/spring-boot-starter-web/3.2.5/spring-boot-starter-web-3.2.5.jar:/home/hp/.m2/repository/org/springframework/boot/spring-boot-starter/3.2.5/spring-boot-starter-3.2.5.jar:/home/hp/.m2/repository/org/springframework/boot/spring-boot/3.2.5/spring-boot-3.2.5.jar:/home/hp/.m2/repository/org/springframework/boot/spring-boot-autoconfigure/3.2.5/spring-boot-autoconfigure-3.2.5.jar:/home/hp/.m2/repository/org/springframework/boot/spring-boot-starter-logging/3.2.5/spring-boot-starter-logging-3.2.5.jar:/home/hp/.m2/repository/ch/qos/logback/logback-classic/1.4.14/logback-classic-1.4.14.jar:/home/hp/.m2/repository/ch/qos/logback/logback-core/1.4.14/logback-core-1.4.14.jar:/home/hp/.m2/repository/org/apache/logging/log4j/log4j-to-slf4j/2.21.1/log4j-to-slf4j-2.21.1.jar:/home/hp/.m2/repository/org/apache/logging/log4j/log4j-api/2.21.1/log4j-api-2.21.1.jar:/home/hp/.m2/repository/org/slf4j/jul-to-slf4j/2.0.13/jul-to-slf4j-2.0.13.jar:/home/hp/.m2/repository/jakarta/annotation/jakarta.annotation-api/2.1.1/jakarta.annotation-api-2.1.1.jar:/home/hp/.m2/repository/org/yaml/snakeyaml/2.2/snakeyaml-2.2.jar:/home/hp/.m2/repository/org/springframework/boot/spring-boot-starter-json/3.2.5/spring-boot-starter-json-3.2.5.jar:/home/hp/.m2/repository/com/fasterxml/jackson/datatype/jackson-datatype-jdk8/2.15.4/jackson-datatype-jdk8-2.15.4.jar:/home/hp/.m2/repository/com/fasterxml/jackson/datatype/jackson-datatype-jsr310/2.15.4/jackson-datatype-jsr310-2.15.4.jar:/home/hp/.m2/repository/com/fasterxml/jackson/module/jackson-module-parameter-names/2.15.4/jackson-module-parameter-names-2.15.4.jar:/home/hp/.m2/repository/org/springframework/boot/spring-boot-starter-tomcat/3.2.5/spring-boot-starter-tomcat-3.2.5.jar:/home/hp/.m2/repository/org/apache/tomcat/embed/tomcat-embed-core/10.1.20/tomcat-embed-core-10.1.20.jar:/home/hp/.m2/repository/org/apache/tomcat/embed/tomcat-embed-el/10.1.20/tomcat-embed-el-10.1.20.jar:/home/hp/.m2/repository/org/apache/tomcat/embed/tomcat-embed-websocket/10.1.20/tomcat-embed-websocket-10.1.20.jar:/home/hp/.m2/repository/org/springframework/spring-web/6.1.6/spring-web-6.1.6.jar:/home/hp/.m2/repository/io/micrometer/micrometer-observation/1.12.5/micrometer-observation-1.12.5.jar:/home/hp/.m2/repository/io/micrometer/micrometer-commons/1.12.5/micrometer-commons-1.12.5.jar:/home/hp/.m2/repository/org/springframework/spring-webmvc/6.1.6/spring-webmvc-6.1.6.jar:/home/hp/.m2/repository/org/projectlombok/lombok/1.18.32/lombok-1.18.32.jar:/home/hp/.m2/repository/org/springframework/boot/spring-boot-starter-data-jpa/3.2.5/spring-boot-starter-data-jpa-3.2.5.jar:/home/hp/.m2/repository/org/springframework/boot/spring-boot-starter-aop/3.2.5/spring-boot-starter-aop-3.2.5.jar:/home/hp/.m2/repository/org/aspectj/aspectjweaver/1.9.22/aspectjweaver-1.9.22.jar:/home/hp/.m2/repository/org/springframework/boot/spring-boot-starter-jdbc/3.2.5/spring-boot-starter-jdbc-3.2.5.jar:/home/hp/.m2/repository/com/zaxxer/HikariCP/5.0.1/HikariCP-5.0.1.jar:/home/hp/.m2/repository/org/hibernate/orm/hibernate-core/6.4.4.Final/hibernate-core-6.4.4.Final.jar:/home/hp/.m2/repository/jakarta/transaction/jakarta.transaction-api/2.0.1/jakarta.transaction-api-2.0.1.jar:/home/hp/.m2/repository/org/jboss/logging/jboss-logging/3.5.3.Final/jboss-logging-3.5.3.Final.jar:/home/hp/.m2/repository/org/hibernate/common/hibernate-commons-annotations/6.0.6.Final/hibernate-commons-annotations-6.0.6.Final.jar:/home/hp/.m2/repository/io/smallrye/jandex/3.1.2/jandex-3.1.2.jar:/home/hp/.m2/repository/com/fasterxml/classmate/1.6.0/classmate-1.6.0.jar:/home/hp/.m2/repository/net/bytebuddy/byte-buddy/1.14.13/byte-buddy-1.14.13.jar:/home/hp/.m2/repository/org/glassfish/jaxb/jaxb-runtime/4.0.5/jaxb-runtime-4.0.5.jar:/home/hp/.m2/repository/org/glassfish/jaxb/jaxb-core/4.0.5/jaxb-core-4.0.5.jar:/home/hp/.m2/repository/org/glassfish/jaxb/txw2/4.0.5/txw2-4.0.5.jar:/home/hp/.m2/repository/com/sun/istack/istack-commons-runtime/4.1.2/istack-commons-runtime-4.1.2.jar:/home/hp/.m2/repository/jakarta/inject/jakarta.inject-api/2.0.1/jakarta.inject-api-2.0.1.jar:/home/hp/.m2/repository/org/antlr/antlr4-runtime/4.13.0/antlr4-runtime-4.13.0.jar:/home/hp/.m2/repository/org/springframework/data/spring-data-jpa/3.2.5/spring-data-jpa-3.2.5.jar:/home/hp/.m2/repository/org/springframework/data/spring-data-commons/3.2.5/spring-data-commons-3.2.5.jar:/home/hp/.m2/repository/org/springframework/spring-aspects/6.1.6/spring-aspects-6.1.6.jar:/home/hp/.m2/repository/org/apache/commons/commons-dbcp2/2.7.0/commons-dbcp2-2.7.0.jar:/home/hp/.m2/repository/org/apache/commons/commons-pool2/2.12.0/commons-pool2-2.12.0.jar:/home/hp/.m2/repository/org/postgresql/postgresql/42.2.24/postgresql-42.2.24.jar:/home/hp/.m2/repository/org/checkerframework/checker-qual/3.5.0/checker-qual-3.5.0.jar:/home/hp/.m2/repository/org/apache/activemq/activemq-client/6.0.1/activemq-client-6.0.1.jar:/home/hp/.m2/repository/org/slf4j/slf4j-api/2.0.13/slf4j-api-2.0.13.jar:/home/hp/.m2/repository/jakarta/jms/jakarta.jms-api/3.1.0/jakarta.jms-api-3.1.0.jar:/home/hp/.m2/repository/org/fusesource/hawtbuf/hawtbuf/1.11/hawtbuf-1.11.jar:/home/hp/.m2/repository/org/apache/activemq/activemq-pool/6.0.1/activemq-pool-6.0.1.jar:/home/hp/.m2/repository/org/apache/activemq/activemq-jms-pool/5.18.4/activemq-jms-pool-5.18.4.jar:/home/hp/.m2/repository/org/apache/geronimo/specs/geronimo-jta_1.1_spec/1.1.1/geronimo-jta_1.1_spec-1.1.1.jar:/home/hp/.m2/repository/org/apache/camel/camel-jackson/4.4.1/camel-jackson-4.4.1.jar:/home/hp/.m2/repository/org/apache/camel/camel-core-engine/4.4.1/camel-core-engine-4.4.1.jar:/home/hp/.m2/repository/org/apache/camel/camel-base-engine/4.4.1/camel-base-engine-4.4.1.jar:/home/hp/.m2/repository/org/apache/camel/camel-base/4.4.1/camel-base-4.4.1.jar:/home/hp/.m2/repository/org/apache/camel/camel-core-reifier/4.4.1/camel-core-reifier-4.4.1.jar:/home/hp/.m2/repository/com/fasterxml/jackson/core/jackson-databind/2.15.4/jackson-databind-2.15.4.jar:/home/hp/.m2/repository/com/fasterxml/jackson/core/jackson-annotations/2.15.4/jackson-annotations-2.15.4.jar:/home/hp/.m2/repository/com/fasterxml/jackson/core/jackson-core/2.15.4/jackson-core-2.15.4.jar:/home/hp/.m2/repository/org/apache/camel/camel-core/4.4.1/camel-core-4.4.1.jar:/home/hp/.m2/repository/org/apache/camel/camel-bean/4.4.1/camel-bean-4.4.1.jar:/home/hp/.m2/repository/org/apache/camel/camel-browse/4.4.1/camel-browse-4.4.1.jar:/home/hp/.m2/repository/org/apache/camel/camel-cluster/4.4.1/camel-cluster-4.4.1.jar:/home/hp/.m2/repository/org/apache/camel/camel-controlbus/4.4.1/camel-controlbus-4.4.1.jar:/home/hp/.m2/repository/org/apache/camel/camel-dataformat/4.4.1/camel-dataformat-4.4.1.jar:/home/hp/.m2/repository/org/apache/camel/camel-dataset/4.4.1/camel-dataset-4.4.1.jar:/home/hp/.m2/repository/org/apache/camel/camel-direct/4.4.1/camel-direct-4.4.1.jar:/home/hp/.m2/repository/org/apache/camel/camel-file/4.4.1/camel-file-4.4.1.jar:/home/hp/.m2/repository/commons-codec/commons-codec/1.16.1/commons-codec-1.16.1.jar:/home/hp/.m2/repository/org/apache/camel/camel-health/4.4.1/camel-health-4.4.1.jar:/home/hp/.m2/repository/org/apache/camel/camel-language/4.4.1/camel-language-4.4.1.jar:/home/hp/.m2/repository/org/apache/camel/camel-log/4.4.1/camel-log-4.4.1.jar:/home/hp/.m2/repository/org/apache/camel/camel-mock/4.4.1/camel-mock-4.4.1.jar:/home/hp/.m2/repository/org/apache/camel/camel-ref/4.4.1/camel-ref-4.4.1.jar:/home/hp/.m2/repository/org/apache/camel/camel-saga/4.4.1/camel-saga-4.4.1.jar:/home/hp/.m2/repository/org/apache/camel/camel-scheduler/4.4.1/camel-scheduler-4.4.1.jar:/home/hp/.m2/repository/org/apache/camel/camel-stub/4.4.1/camel-stub-4.4.1.jar:/home/hp/.m2/repository/org/apache/camel/camel-timer/4.4.1/camel-timer-4.4.1.jar:/home/hp/.m2/repository/org/apache/camel/camel-validator/4.4.1/camel-validator-4.4.1.jar:/home/hp/.m2/repository/org/apache/camel/camel-xpath/4.4.1/camel-xpath-4.4.1.jar:/home/hp/.m2/repository/org/apache/camel/camel-xslt/4.4.1/camel-xslt-4.4.1.jar:/home/hp/.m2/repository/org/apache/camel/camel-xml-io/4.4.1/camel-xml-io-4.4.1.jar:/home/hp/.m2/repository/org/apache/camel/camel-xml-io-util/4.4.1/camel-xml-io-util-4.4.1.jar:/home/hp/.m2/repository/org/apache/camel/camel-xml-jaxb/4.4.1/camel-xml-jaxb-4.4.1.jar:/home/hp/.m2/repository/com/sun/xml/bind/jaxb-core/4.0.5/jaxb-core-4.0.5.jar:/home/hp/.m2/repository/com/sun/xml/bind/jaxb-impl/4.0.5/jaxb-impl-4.0.5.jar:/home/hp/.m2/repository/org/apache/camel/camel-xml-jaxp/4.4.1/camel-xml-jaxp-4.4.1.jar:/home/hp/.m2/repository/org/apache/camel/camel-yaml-io/4.4.1/camel-yaml-io-4.4.1.jar:/home/hp/.m2/repository/com/fasterxml/jackson/dataformat/jackson-dataformat-yaml/2.15.4/jackson-dataformat-yaml-2.15.4.jar:/home/hp/.m2/repository/org/apache/camel/camel-mail/4.4.1/camel-mail-4.4.1.jar:/home/hp/.m2/repository/org/apache/camel/camel-attachments/4.4.1/camel-attachments-4.4.1.jar:/home/hp/.m2/repository/jakarta/activation/jakarta.activation-api/2.1.3/jakarta.activation-api-2.1.3.jar:/home/hp/.m2/repository/org/eclipse/angus/angus-mail/2.0.3/angus-mail-2.0.3.jar:/home/hp/.m2/repository/jakarta/mail/jakarta.mail-api/2.1.3/jakarta.mail-api-2.1.3.jar:/home/hp/.m2/repository/org/eclipse/angus/angus-activation/2.0.2/angus-activation-2.0.2.jar:/home/hp/.m2/repository/org/apache/camel/camel-sql/4.4.1/camel-sql-4.4.1.jar:/home/hp/.m2/repository/org/springframework/spring-jdbc/6.1.6/spring-jdbc-6.1.6.jar:/home/hp/.m2/repository/com/mysql/mysql-connector-j/8.3.0/mysql-connector-j-8.3.0.jar:/home/hp/.m2/repository/org/apache/camel/springboot/camel-jdbc-starter/4.4.1/camel-jdbc-starter-4.4.1.jar:/home/hp/.m2/repository/org/apache/camel/camel-jdbc/4.4.1/camel-jdbc-4.4.1.jar:/home/hp/.m2/repository/org/apache/camel/springboot/camel-core-starter/4.4.1/camel-core-starter-4.4.1.jar:/home/hp/.m2/repository/org/apache/camel/springboot/camel-spring-boot/4.4.1/camel-spring-boot-4.4.1.jar:/home/hp/.m2/repository/org/springframework/boot/spring-boot-actuator/3.2.5/spring-boot-actuator-3.2.5.jar:/home/hp/.m2/repository/org/apache/camel/camel-spring-main/4.4.1/camel-spring-main-4.4.1.jar:/home/hp/.m2/repository/org/apache/camel/camel-main/4.4.1/camel-main-4.4.1.jar:/home/hp/.m2/repository/org/apache/camel/camel-jetty/4.4.1/camel-jetty-4.4.1.jar:/home/hp/.m2/repository/org/apache/camel/camel-http-common/4.4.1/camel-http-common-4.4.1.jar:/home/hp/.m2/repository/org/apache/camel/camel-http-base/4.4.1/camel-http-base-4.4.1.jar:/home/hp/.m2/repository/org/apache/camel/camel-cloud/4.4.1/camel-cloud-4.4.1.jar:/home/hp/.m2/repository/org/apache/camel/camel-jetty-common/4.4.1/camel-jetty-common-4.4.1.jar:/home/hp/.m2/repository/jakarta/servlet/jakarta.servlet-api/6.0.0/jakarta.servlet-api-6.0.0.jar:/home/hp/.m2/repository/org/eclipse/jetty/jetty-server/12.0.8/jetty-server-12.0.8.jar:/home/hp/.m2/repository/org/eclipse/jetty/jetty-http/12.0.8/jetty-http-12.0.8.jar:/home/hp/.m2/repository/org/eclipse/jetty/jetty-io/12.0.8/jetty-io-12.0.8.jar:/home/hp/.m2/repository/org/eclipse/jetty/ee10/jetty-ee10-servlet/12.0.8/jetty-ee10-servlet-12.0.8.jar:/home/hp/.m2/repository/org/eclipse/jetty/jetty-session/12.0.8/jetty-session-12.0.8.jar:/home/hp/.m2/repository/org/eclipse/jetty/jetty-security/12.0.8/jetty-security-12.0.8.jar:/home/hp/.m2/repository/org/eclipse/jetty/ee10/jetty-ee10-servlets/12.0.8/jetty-ee10-servlets-12.0.8.jar:/home/hp/.m2/repository/org/eclipse/jetty/jetty-client/12.0.8/jetty-client-12.0.8.jar:/home/hp/.m2/repository/org/eclipse/jetty/jetty-alpn-client/12.0.8/jetty-alpn-client-12.0.8.jar:/home/hp/.m2/repository/org/eclipse/jetty/jetty-jmx/12.0.8/jetty-jmx-12.0.8.jar:/home/hp/.m2/repository/org/eclipse/jetty/jetty-util/12.0.8/jetty-util-12.0.8.jar:/home/hp/.m2/repository/org/apache/camel/camel-rest/4.4.1/camel-rest-4.4.1.jar:/home/hp/.m2/repository/org/apache/camel/camel-tooling-model/4.4.1/camel-tooling-model-4.4.1.jar:/home/hp/.m2/repository/org/apache/camel/camel-ftp/4.4.1/camel-ftp-4.4.1.jar:/home/hp/.m2/repository/org/apache/camel/camel-core-catalog/4.4.1/camel-core-catalog-4.4.1.jar:/home/hp/.m2/repository/com/github/mwiede/jsch/0.2.16/jsch-0.2.16.jar:/home/hp/.m2/repository/commons-net/commons-net/3.10.0/commons-net-3.10.0.jar:/home/hp/.m2/repository/org/apache/camel/camel-jms/4.4.1/camel-jms-4.4.1.jar:/home/hp/.m2/repository/org/springframework/spring-jms/6.1.6/spring-jms-6.1.6.jar:/home/hp/.m2/repository/org/springframework/spring-messaging/6.1.6/spring-messaging-6.1.6.jar:/home/hp/.m2/repository/org/springframework/spring-context/6.1.6/spring-context-6.1.6.jar:/home/hp/.m2/repository/org/springframework/spring-tx/6.1.6/spring-tx-6.1.6.jar:/home/hp/.m2/repository/org/springframework/spring-beans/6.1.6/spring-beans-6.1.6.jar:/home/hp/.m2/repository/org/apache/camel/camel-seda/4.4.1/camel-seda-4.4.1.jar:/home/hp/.m2/repository/org/apache/camel/camel-barcode/4.4.1/camel-barcode-4.4.1.jar:/home/hp/.m2/repository/com/google/zxing/core/3.5.3/core-3.5.3.jar:/home/hp/.m2/repository/com/google/zxing/javase/3.5.3/javase-3.5.3.jar:/home/hp/.m2/repository/com/beust/jcommander/1.82/jcommander-1.82.jar:/home/hp/.m2/repository/com/github/jai-imageio/jai-imageio-core/1.4.0/jai-imageio-core-1.4.0.jar:/home/hp/.m2/repository/org/apache/camel/springboot/camel-spring-boot-xml-starter/4.4.1/camel-spring-boot-xml-starter-4.4.1.jar:/home/hp/.m2/repository/org/apache/camel/springboot/camel-spring-boot-starter/4.4.1/camel-spring-boot-starter-4.4.1.jar:/home/hp/.m2/repository/org/apache/camel/springboot/camel-bean-starter/4.4.1/camel-bean-starter-4.4.1.jar:/home/hp/.m2/repository/org/apache/camel/springboot/camel-browse-starter/4.4.1/camel-browse-starter-4.4.1.jar:/home/hp/.m2/repository/org/apache/camel/springboot/camel-controlbus-starter/4.4.1/camel-controlbus-starter-4.4.1.jar:/home/hp/.m2/repository/org/apache/camel/springboot/camel-dataformat-starter/4.4.1/camel-dataformat-starter-4.4.1.jar:/home/hp/.m2/repository/org/apache/camel/springboot/camel-dataset-starter/4.4.1/camel-dataset-starter-4.4.1.jar:/home/hp/.m2/repository/org/apache/camel/springboot/camel-direct-starter/4.4.1/camel-direct-starter-4.4.1.jar:/home/hp/.m2/repository/org/apache/camel/springboot/camel-file-starter/4.4.1/camel-file-starter-4.4.1.jar:/home/hp/.m2/repository/org/apache/camel/springboot/camel-language-starter/4.4.1/camel-language-starter-4.4.1.jar:/home/hp/.m2/repository/org/apache/camel/springboot/camel-log-starter/4.4.1/camel-log-starter-4.4.1.jar:/home/hp/.m2/repository/org/apache/camel/springboot/camel-mock-starter/4.4.1/camel-mock-starter-4.4.1.jar:/home/hp/.m2/repository/org/apache/camel/springboot/camel-ref-starter/4.4.1/camel-ref-starter-4.4.1.jar:/home/hp/.m2/repository/org/apache/camel/springboot/camel-rest-starter/4.4.1/camel-rest-starter-4.4.1.jar:/home/hp/.m2/repository/org/apache/camel/springboot/camel-saga-starter/4.4.1/camel-saga-starter-4.4.1.jar:/home/hp/.m2/repository/org/apache/camel/springboot/camel-scheduler-starter/4.4.1/camel-scheduler-starter-4.4.1.jar:/home/hp/.m2/repository/org/apache/camel/springboot/camel-seda-starter/4.4.1/camel-seda-starter-4.4.1.jar:/home/hp/.m2/repository/org/apache/camel/springboot/camel-stub-starter/4.4.1/camel-stub-starter-4.4.1.jar:/home/hp/.m2/repository/org/apache/camel/springboot/camel-timer-starter/4.4.1/camel-timer-starter-4.4.1.jar:/home/hp/.m2/repository/org/apache/camel/springboot/camel-validator-starter/4.4.1/camel-validator-starter-4.4.1.jar:/home/hp/.m2/repository/org/apache/camel/springboot/camel-xpath-starter/4.4.1/camel-xpath-starter-4.4.1.jar:/home/hp/.m2/repository/org/apache/camel/springboot/camel-xslt-starter/4.4.1/camel-xslt-starter-4.4.1.jar:/home/hp/.m2/repository/org/apache/camel/springboot/camel-xml-jaxp-starter/4.4.1/camel-xml-jaxp-starter-4.4.1.jar:/home/hp/.m2/repository/org/apache/camel/springboot/camel-spring-boot-xml/4.4.1/camel-spring-boot-xml-4.4.1.jar:/home/hp/.m2/repository/org/apache/camel/camel-spring-xml/4.4.1/camel-spring-xml-4.4.1.jar:/home/hp/.m2/repository/org/apache/camel/camel-core-xml/4.4.1/camel-core-xml-4.4.1.jar:/home/hp/.m2/repository/org/apache/camel/camel-xml-jaxb-dsl/4.4.1/camel-xml-jaxb-dsl-4.4.1.jar:/home/hp/.m2/repository/org/apache/camel/camel-dsl-support/4.4.1/camel-dsl-support-4.4.1.jar:/home/hp/.m2/repository/org/springframework/boot/spring-boot-starter-test/3.2.5/spring-boot-starter-test-3.2.5.jar:/home/hp/.m2/repository/org/springframework/boot/spring-boot-test/3.2.5/spring-boot-test-3.2.5.jar:/home/hp/.m2/repository/org/springframework/boot/spring-boot-test-autoconfigure/3.2.5/spring-boot-test-autoconfigure-3.2.5.jar:/home/hp/.m2/repository/com/jayway/jsonpath/json-path/2.9.0/json-path-2.9.0.jar:/home/hp/.m2/repository/jakarta/xml/bind/jakarta.xml.bind-api/4.0.2/jakarta.xml.bind-api-4.0.2.jar:/home/hp/.m2/repository/net/minidev/json-smart/2.5.1/json-smart-2.5.1.jar:/home/hp/.m2/repository/net/minidev/accessors-smart/2.5.1/accessors-smart-2.5.1.jar:/home/hp/.m2/repository/org/ow2/asm/asm/9.6/asm-9.6.jar:/home/hp/.m2/repository/org/assertj/assertj-core/3.24.2/assertj-core-3.24.2.jar:/home/hp/.m2/repository/org/awaitility/awaitility/4.2.1/awaitility-4.2.1.jar:/home/hp/.m2/repository/org/hamcrest/hamcrest/2.2/hamcrest-2.2.jar:/home/hp/.m2/repository/org/junit/jupiter/junit-jupiter/5.10.2/junit-jupiter-5.10.2.jar:/home/hp/.m2/repository/org/junit/jupiter/junit-jupiter-api/5.10.2/junit-jupiter-api-5.10.2.jar:/home/hp/.m2/repository/org/opentest4j/opentest4j/1.3.0/opentest4j-1.3.0.jar:/home/hp/.m2/repository/org/junit/platform/junit-platform-commons/1.10.2/junit-platform-commons-1.10.2.jar:/home/hp/.m2/repository/org/apiguardian/apiguardian-api/1.1.2/apiguardian-api-1.1.2.jar:/home/hp/.m2/repository/org/junit/jupiter/junit-jupiter-params/5.10.2/junit-jupiter-params-5.10.2.jar:/home/hp/.m2/repository/org/junit/jupiter/junit-jupiter-engine/5.10.2/junit-jupiter-engine-5.10.2.jar:/home/hp/.m2/repository/org/junit/platform/junit-platform-engine/1.10.2/junit-platform-engine-1.10.2.jar:/home/hp/.m2/repository/org/mockito/mockito-core/5.7.0/mockito-core-5.7.0.jar:/home/hp/.m2/repository/net/bytebuddy/byte-buddy-agent/1.14.13/byte-buddy-agent-1.14.13.jar:/home/hp/.m2/repository/org/objenesis/objenesis/3.3/objenesis-3.3.jar:/home/hp/.m2/repository/org/mockito/mockito-junit-jupiter/5.7.0/mockito-junit-jupiter-5.7.0.jar:/home/hp/.m2/repository/org/skyscreamer/jsonassert/1.5.1/jsonassert-1.5.1.jar:/home/hp/.m2/repository/com/vaadin/external/google/android-json/0.0.20131108.vaadin1/android-json-0.0.20131108.vaadin1.jar:/home/hp/.m2/repository/org/springframework/spring-core/6.1.6/spring-core-6.1.6.jar:/home/hp/.m2/repository/org/springframework/spring-jcl/6.1.6/spring-jcl-6.1.6.jar:/home/hp/.m2/repository/org/springframework/spring-test/6.1.6/spring-test-6.1.6.jar:/home/hp/.m2/repository/org/xmlunit/xmlunit-core/2.9.1/xmlunit-core-2.9.1.jar:"/>
    <property name="java.vm.vendor" value="Ubuntu"/>
    <property name="sun.arch.data.model" value="64"/>
    <property name="java.vendor.url" value="https://ubuntu.com/"/>
    <property name="user.timezone" value="Asia/Kolkata"/>
    <property name="org.jboss.logging.provider" value="slf4j"/>
    <property name="os.name" value="Linux"/>
    <property name="java.vm.specification.version" value="17"/>
    <property name="sun.java.launcher" value="SUN_STANDARD"/>
    <property name="user.country" value="US"/>
    <property name="sun.boot.library.path" value="/usr/lib/jvm/java-17-openjdk-amd64/lib"/>
    <property name="sun.java.command" value="/home/hp/Downloads/PolicyManagement/target/surefire/surefirebooter-20240809111540472_3.jar /home/hp/Downloads/PolicyManagement/target/surefire 2024-08-09T11-15-40_372-jvmRun1 surefire-20240809111540472_1tmp surefire_0-20240809111540472_2tmp"/>
    <property name="jdk.debug" value="release"/>
    <property name="surefire.test.class.path" value="/home/hp/Downloads/PolicyManagement/target/test-classes:/home/hp/Downloads/PolicyManagement/target/classes:/home/hp/.m2/repository/org/apache/camel/camel-thymeleaf/4.4.1/camel-thymeleaf-4.4.1.jar:/home/hp/.m2/repository/org/apache/camel/camel-support/4.4.1/camel-support-4.4.1.jar:/home/hp/.m2/repository/org/apache/camel/camel-api/4.4.1/camel-api-4.4.1.jar:/home/hp/.m2/repository/org/apache/camel/camel-management-api/4.4.1/camel-management-api-4.4.1.jar:/home/hp/.m2/repository/org/apache/camel/camel-util/4.4.1/camel-util-4.4.1.jar:/home/hp/.m2/repository/org/apache/camel/camel-util-json/4.4.1/camel-util-json-4.4.1.jar:/home/hp/.m2/repository/org/apache/camel/camel-xml-jaxp-util/4.4.1/camel-xml-jaxp-util-4.4.1.jar:/home/hp/.m2/repository/org/thymeleaf/thymeleaf/3.1.2.RELEASE/thymeleaf-3.1.2.RELEASE.jar:/home/hp/.m2/repository/ognl/ognl/3.3.4/ognl-3.3.4.jar:/home/hp/.m2/repository/org/javassist/javassist/3.29.0-GA/javassist-3.29.0-GA.jar:/home/hp/.m2/repository/org/attoparser/attoparser/2.0.7.RELEASE/attoparser-2.0.7.RELEASE.jar:/home/hp/.m2/repository/org/unbescape/unbescape/1.1.6.RELEASE/unbescape-1.1.6.RELEASE.jar:/home/hp/.m2/repository/org/apache/camel/camel-jpa/4.4.1/camel-jpa-4.4.1.jar:/home/hp/.m2/repository/org/apache/camel/camel-core-languages/4.4.1/camel-core-languages-4.4.1.jar:/home/hp/.m2/repository/org/apache/camel/camel-core-model/4.4.1/camel-core-model-4.4.1.jar:/home/hp/.m2/repository/org/apache/camel/camel-core-processor/4.4.1/camel-core-processor-4.4.1.jar:/home/hp/.m2/repository/org/apache/camel/camel-spring/4.4.1/camel-spring-4.4.1.jar:/home/hp/.m2/repository/org/springframework/spring-aop/6.1.6/spring-aop-6.1.6.jar:/home/hp/.m2/repository/org/springframework/spring-expression/6.1.6/spring-expression-6.1.6.jar:/home/hp/.m2/repository/org/springframework/spring-orm/6.1.6/spring-orm-6.1.6.jar:/home/hp/.m2/repository/jakarta/persistence/jakarta.persistence-api/3.1.0/jakarta.persistence-api-3.1.0.jar:/home/hp/.m2/repository/org/jsoup/jsoup/1.14.3/jsoup-1.14.3.jar:/home/hp/.m2/repository/org/xhtmlrenderer/flying-saucer-core/9.2.0/flying-saucer-core-9.2.0.jar:/home/hp/.m2/repository/org/xhtmlrenderer/flying-saucer-pdf-openpdf/9.2.0/flying-saucer-pdf-openpdf-9.2.0.jar:/home/hp/.m2/repository/com/lowagie/itext/2.1.7/itext-2.1.7.jar:/home/hp/.m2/repository/org/bouncycastle/bcmail-jdk14/1.76/bcmail-jdk14-1.76.jar:/home/hp/.m2/repository/org/bouncycastle/bcutil-jdk14/1.76/bcutil-jdk14-1.76.jar:/home/hp/.m2/repository/org/bouncycastle/bcpkix-jdk14/1.76/bcpkix-jdk14-1.76.jar:/home/hp/.m2/repository/org/bouncycastle/bctsp-jdk14/1.46/bctsp-jdk14-1.46.jar:/home/hp/.m2/repository/org/bouncycastle/bcprov-jdk14/1.76/bcprov-jdk14-1.76.jar:/home/hp/.m2/repository/org/springframework/boot/spring-boot-starter-web/3.2.5/spring-boot-starter-web-3.2.5.jar:/home/hp/.m2/repository/org/springframework/boot/spring-boot-starter/3.2.5/spring-boot-starter-3.2.5.jar:/home/hp/.m2/repository/org/springframework/boot/spring-boot/3.2.5/spring-boot-3.2.5.jar:/home/hp/.m2/repository/org/springframework/boot/spring-boot-autoconfigure/3.2.5/spring-boot-autoconfigure-3.2.5.jar:/home/hp/.m2/repository/org/springframework/boot/spring-boot-starter-logging/3.2.5/spring-boot-starter-logging-3.2.5.jar:/home/hp/.m2/repository/ch/qos/logback/logback-classic/1.4.14/logback-classic-1.4.14.jar:/home/hp/.m2/repository/ch/qos/logback/logback-core/1.4.14/logback-core-1.4.14.jar:/home/hp/.m2/repository/org/apache/logging/log4j/log4j-to-slf4j/2.21.1/log4j-to-slf4j-2.21.1.jar:/home/hp/.m2/repository/org/apache/logging/log4j/log4j-api/2.21.1/log4j-api-2.21.1.jar:/home/hp/.m2/repository/org/slf4j/jul-to-slf4j/2.0.13/jul-to-slf4j-2.0.13.jar:/home/hp/.m2/repository/jakarta/annotation/jakarta.annotation-api/2.1.1/jakarta.annotation-api-2.1.1.jar:/home/hp/.m2/repository/org/yaml/snakeyaml/2.2/snakeyaml-2.2.jar:/home/hp/.m2/repository/org/springframework/boot/spring-boot-starter-json/3.2.5/spring-boot-starter-json-3.2.5.jar:/home/hp/.m2/repository/com/fasterxml/jackson/datatype/jackson-datatype-jdk8/2.15.4/jackson-datatype-jdk8-2.15.4.jar:/home/hp/.m2/repository/com/fasterxml/jackson/datatype/jackson-datatype-jsr310/2.15.4/jackson-datatype-jsr310-2.15.4.jar:/home/hp/.m2/repository/com/fasterxml/jackson/module/jackson-module-parameter-names/2.15.4/jackson-module-parameter-names-2.15.4.jar:/home/hp/.m2/repository/org/springframework/boot/spring-boot-starter-tomcat/3.2.5/spring-boot-starter-tomcat-3.2.5.jar:/home/hp/.m2/repository/org/apache/tomcat/embed/tomcat-embed-core/10.1.20/tomcat-embed-core-10.1.20.jar:/home/hp/.m2/repository/org/apache/tomcat/embed/tomcat-embed-el/10.1.20/tomcat-embed-el-10.1.20.jar:/home/hp/.m2/repository/org/apache/tomcat/embed/tomcat-embed-websocket/10.1.20/tomcat-embed-websocket-10.1.20.jar:/home/hp/.m2/repository/org/springframework/spring-web/6.1.6/spring-web-6.1.6.jar:/home/hp/.m2/repository/io/micrometer/micrometer-observation/1.12.5/micrometer-observation-1.12.5.jar:/home/hp/.m2/repository/io/micrometer/micrometer-commons/1.12.5/micrometer-commons-1.12.5.jar:/home/hp/.m2/repository/org/springframework/spring-webmvc/6.1.6/spring-webmvc-6.1.6.jar:/home/hp/.m2/repository/org/projectlombok/lombok/1.18.32/lombok-1.18.32.jar:/home/hp/.m2/repository/org/springframework/boot/spring-boot-starter-data-jpa/3.2.5/spring-boot-starter-data-jpa-3.2.5.jar:/home/hp/.m2/repository/org/springframework/boot/spring-boot-starter-aop/3.2.5/spring-boot-starter-aop-3.2.5.jar:/home/hp/.m2/repository/org/aspectj/aspectjweaver/1.9.22/aspectjweaver-1.9.22.jar:/home/hp/.m2/repository/org/springframework/boot/spring-boot-starter-jdbc/3.2.5/spring-boot-starter-jdbc-3.2.5.jar:/home/hp/.m2/repository/com/zaxxer/HikariCP/5.0.1/HikariCP-5.0.1.jar:/home/hp/.m2/repository/org/hibernate/orm/hibernate-core/6.4.4.Final/hibernate-core-6.4.4.Final.jar:/home/hp/.m2/repository/jakarta/transaction/jakarta.transaction-api/2.0.1/jakarta.transaction-api-2.0.1.jar:/home/hp/.m2/repository/org/jboss/logging/jboss-logging/3.5.3.Final/jboss-logging-3.5.3.Final.jar:/home/hp/.m2/repository/org/hibernate/common/hibernate-commons-annotations/6.0.6.Final/hibernate-commons-annotations-6.0.6.Final.jar:/home/hp/.m2/repository/io/smallrye/jandex/3.1.2/jandex-3.1.2.jar:/home/hp/.m2/repository/com/fasterxml/classmate/1.6.0/classmate-1.6.0.jar:/home/hp/.m2/repository/net/bytebuddy/byte-buddy/1.14.13/byte-buddy-1.14.13.jar:/home/hp/.m2/repository/org/glassfish/jaxb/jaxb-runtime/4.0.5/jaxb-runtime-4.0.5.jar:/home/hp/.m2/repository/org/glassfish/jaxb/jaxb-core/4.0.5/jaxb-core-4.0.5.jar:/home/hp/.m2/repository/org/glassfish/jaxb/txw2/4.0.5/txw2-4.0.5.jar:/home/hp/.m2/repository/com/sun/istack/istack-commons-runtime/4.1.2/istack-commons-runtime-4.1.2.jar:/home/hp/.m2/repository/jakarta/inject/jakarta.inject-api/2.0.1/jakarta.inject-api-2.0.1.jar:/home/hp/.m2/repository/org/antlr/antlr4-runtime/4.13.0/antlr4-runtime-4.13.0.jar:/home/hp/.m2/repository/org/springframework/data/spring-data-jpa/3.2.5/spring-data-jpa-3.2.5.jar:/home/hp/.m2/repository/org/springframework/data/spring-data-commons/3.2.5/spring-data-commons-3.2.5.jar:/home/hp/.m2/repository/org/springframework/spring-aspects/6.1.6/spring-aspects-6.1.6.jar:/home/hp/.m2/repository/org/apache/commons/commons-dbcp2/2.7.0/commons-dbcp2-2.7.0.jar:/home/hp/.m2/repository/org/apache/commons/commons-pool2/2.12.0/commons-pool2-2.12.0.jar:/home/hp/.m2/repository/org/postgresql/postgresql/42.2.24/postgresql-42.2.24.jar:/home/hp/.m2/repository/org/checkerframework/checker-qual/3.5.0/checker-qual-3.5.0.jar:/home/hp/.m2/repository/org/apache/activemq/activemq-client/6.0.1/activemq-client-6.0.1.jar:/home/hp/.m2/repository/org/slf4j/slf4j-api/2.0.13/slf4j-api-2.0.13.jar:/home/hp/.m2/repository/jakarta/jms/jakarta.jms-api/3.1.0/jakarta.jms-api-3.1.0.jar:/home/hp/.m2/repository/org/fusesource/hawtbuf/hawtbuf/1.11/hawtbuf-1.11.jar:/home/hp/.m2/repository/org/apache/activemq/activemq-pool/6.0.1/activemq-pool-6.0.1.jar:/home/hp/.m2/repository/org/apache/activemq/activemq-jms-pool/5.18.4/activemq-jms-pool-5.18.4.jar:/home/hp/.m2/repository/org/apache/geronimo/specs/geronimo-jta_1.1_spec/1.1.1/geronimo-jta_1.1_spec-1.1.1.jar:/home/hp/.m2/repository/org/apache/camel/camel-jackson/4.4.1/camel-jackson-4.4.1.jar:/home/hp/.m2/repository/org/apache/camel/camel-core-engine/4.4.1/camel-core-engine-4.4.1.jar:/home/hp/.m2/repository/org/apache/camel/camel-base-engine/4.4.1/camel-base-engine-4.4.1.jar:/home/hp/.m2/repository/org/apache/camel/camel-base/4.4.1/camel-base-4.4.1.jar:/home/hp/.m2/repository/org/apache/camel/camel-core-reifier/4.4.1/camel-core-reifier-4.4.1.jar:/home/hp/.m2/repository/com/fasterxml/jackson/core/jackson-databind/2.15.4/jackson-databind-2.15.4.jar:/home/hp/.m2/repository/com/fasterxml/jackson/core/jackson-annotations/2.15.4/jackson-annotations-2.15.4.jar:/home/hp/.m2/repository/com/fasterxml/jackson/core/jackson-core/2.15.4/jackson-core-2.15.4.jar:/home/hp/.m2/repository/org/apache/camel/camel-core/4.4.1/camel-core-4.4.1.jar:/home/hp/.m2/repository/org/apache/camel/camel-bean/4.4.1/camel-bean-4.4.1.jar:/home/hp/.m2/repository/org/apache/camel/camel-browse/4.4.1/camel-browse-4.4.1.jar:/home/hp/.m2/repository/org/apache/camel/camel-cluster/4.4.1/camel-cluster-4.4.1.jar:/home/hp/.m2/repository/org/apache/camel/camel-controlbus/4.4.1/camel-controlbus-4.4.1.jar:/home/hp/.m2/repository/org/apache/camel/camel-dataformat/4.4.1/camel-dataformat-4.4.1.jar:/home/hp/.m2/repository/org/apache/camel/camel-dataset/4.4.1/camel-dataset-4.4.1.jar:/home/hp/.m2/repository/org/apache/camel/camel-direct/4.4.1/camel-direct-4.4.1.jar:/home/hp/.m2/repository/org/apache/camel/camel-file/4.4.1/camel-file-4.4.1.jar:/home/hp/.m2/repository/commons-codec/commons-codec/1.16.1/commons-codec-1.16.1.jar:/home/hp/.m2/repository/org/apache/camel/camel-health/4.4.1/camel-health-4.4.1.jar:/home/hp/.m2/repository/org/apache/camel/camel-language/4.4.1/camel-language-4.4.1.jar:/home/hp/.m2/repository/org/apache/camel/camel-log/4.4.1/camel-log-4.4.1.jar:/home/hp/.m2/repository/org/apache/camel/camel-mock/4.4.1/camel-mock-4.4.1.jar:/home/hp/.m2/repository/org/apache/camel/camel-ref/4.4.1/camel-ref-4.4.1.jar:/home/hp/.m2/repository/org/apache/camel/camel-saga/4.4.1/camel-saga-4.4.1.jar:/home/hp/.m2/repository/org/apache/camel/camel-scheduler/4.4.1/camel-scheduler-4.4.1.jar:/home/hp/.m2/repository/org/apache/camel/camel-stub/4.4.1/camel-stub-4.4.1.jar:/home/hp/.m2/repository/org/apache/camel/camel-timer/4.4.1/camel-timer-4.4.1.jar:/home/hp/.m2/repository/org/apache/camel/camel-validator/4.4.1/camel-validator-4.4.1.jar:/home/hp/.m2/repository/org/apache/camel/camel-xpath/4.4.1/camel-xpath-4.4.1.jar:/home/hp/.m2/repository/org/apache/camel/camel-xslt/4.4.1/camel-xslt-4.4.1.jar:/home/hp/.m2/repository/org/apache/camel/camel-xml-io/4.4.1/camel-xml-io-4.4.1.jar:/home/hp/.m2/repository/org/apache/camel/camel-xml-io-util/4.4.1/camel-xml-io-util-4.4.1.jar:/home/hp/.m2/repository/org/apache/camel/camel-xml-jaxb/4.4.1/camel-xml-jaxb-4.4.1.jar:/home/hp/.m2/repository/com/sun/xml/bind/jaxb-core/4.0.5/jaxb-core-4.0.5.jar:/home/hp/.m2/repository/com/sun/xml/bind/jaxb-impl/4.0.5/jaxb-impl-4.0.5.jar:/home/hp/.m2/repository/org/apache/camel/camel-xml-jaxp/4.4.1/camel-xml-jaxp-4.4.1.jar:/home/hp/.m2/repository/org/apache/camel/camel-yaml-io/4.4.1/camel-yaml-io-4.4.1.jar:/home/hp/.m2/repository/com/fasterxml/jackson/dataformat/jackson-dataformat-yaml/2.15.4/jackson-dataformat-yaml-2.15.4.jar:/home/hp/.m2/repository/org/apache/camel/camel-mail/4.4.1/camel-mail-4.4.1.jar:/home/hp/.m2/repository/org/apache/camel/camel-attachments/4.4.1/camel-attachments-4.4.1.jar:/home/hp/.m2/repository/jakarta/activation/jakarta.activation-api/2.1.3/jakarta.activation-api-2.1.3.jar:/home/hp/.m2/repository/org/eclipse/angus/angus-mail/2.0.3/angus-mail-2.0.3.jar:/home/hp/.m2/repository/jakarta/mail/jakarta.mail-api/2.1.3/jakarta.mail-api-2.1.3.jar:/home/hp/.m2/repository/org/eclipse/angus/angus-activation/2.0.2/angus-activation-2.0.2.jar:/home/hp/.m2/repository/org/apache/camel/camel-sql/4.4.1/camel-sql-4.4.1.jar:/home/hp/.m2/repository/org/springframework/spring-jdbc/6.1.6/spring-jdbc-6.1.6.jar:/home/hp/.m2/repository/com/mysql/mysql-connector-j/8.3.0/mysql-connector-j-8.3.0.jar:/home/hp/.m2/repository/org/apache/camel/springboot/camel-jdbc-starter/4.4.1/camel-jdbc-starter-4.4.1.jar:/home/hp/.m2/repository/org/apache/camel/camel-jdbc/4.4.1/camel-jdbc-4.4.1.jar:/home/hp/.m2/repository/org/apache/camel/springboot/camel-core-starter/4.4.1/camel-core-starter-4.4.1.jar:/home/hp/.m2/repository/org/apache/camel/springboot/camel-spring-boot/4.4.1/camel-spring-boot-4.4.1.jar:/home/hp/.m2/repository/org/springframework/boot/spring-boot-actuator/3.2.5/spring-boot-actuator-3.2.5.jar:/home/hp/.m2/repository/org/apache/camel/camel-spring-main/4.4.1/camel-spring-main-4.4.1.jar:/home/hp/.m2/repository/org/apache/camel/camel-main/4.4.1/camel-main-4.4.1.jar:/home/hp/.m2/repository/org/apache/camel/camel-jetty/4.4.1/camel-jetty-4.4.1.jar:/home/hp/.m2/repository/org/apache/camel/camel-http-common/4.4.1/camel-http-common-4.4.1.jar:/home/hp/.m2/repository/org/apache/camel/camel-http-base/4.4.1/camel-http-base-4.4.1.jar:/home/hp/.m2/repository/org/apache/camel/camel-cloud/4.4.1/camel-cloud-4.4.1.jar:/home/hp/.m2/repository/org/apache/camel/camel-jetty-common/4.4.1/camel-jetty-common-4.4.1.jar:/home/hp/.m2/repository/jakarta/servlet/jakarta.servlet-api/6.0.0/jakarta.servlet-api-6.0.0.jar:/home/hp/.m2/repository/org/eclipse/jetty/jetty-server/12.0.8/jetty-server-12.0.8.jar:/home/hp/.m2/repository/org/eclipse/jetty/jetty-http/12.0.8/jetty-http-12.0.8.jar:/home/hp/.m2/repository/org/eclipse/jetty/jetty-io/12.0.8/jetty-io-12.0.8.jar:/home/hp/.m2/repository/org/eclipse/jetty/ee10/jetty-ee10-servlet/12.0.8/jetty-ee10-servlet-12.0.8.jar:/home/hp/.m2/repository/org/eclipse/jetty/jetty-session/12.0.8/jetty-session-12.0.8.jar:/home/hp/.m2/repository/org/eclipse/jetty/jetty-security/12.0.8/jetty-security-12.0.8.jar:/home/hp/.m2/repository/org/eclipse/jetty/ee10/jetty-ee10-servlets/12.0.8/jetty-ee10-servlets-12.0.8.jar:/home/hp/.m2/repository/org/eclipse/jetty/jetty-client/12.0.8/jetty-client-12.0.8.jar:/home/hp/.m2/repository/org/eclipse/jetty/jetty-alpn-client/12.0.8/jetty-alpn-client-12.0.8.jar:/home/hp/.m2/repository/org/eclipse/jetty/jetty-jmx/12.0.8/jetty-jmx-12.0.8.jar:/home/hp/.m2/repository/org/eclipse/jetty/jetty-util/12.0.8/jetty-util-12.0.8.jar:/home/hp/.m2/repository/org/apache/camel/camel-rest/4.4.1/camel-rest-4.4.1.jar:/home/hp/.m2/repository/org/apache/camel/camel-tooling-model/4.4.1/camel-tooling-model-4.4.1.jar:/home/hp/.m2/repository/org/apache/camel/camel-ftp/4.4.1/camel-ftp-4.4.1.jar:/home/hp/.m2/repository/org/apache/camel/camel-core-catalog/4.4.1/camel-core-catalog-4.4.1.jar:/home/hp/.m2/repository/com/github/mwiede/jsch/0.2.16/jsch-0.2.16.jar:/home/hp/.m2/repository/commons-net/commons-net/3.10.0/commons-net-3.10.0.jar:/home/hp/.m2/repository/org/apache/camel/camel-jms/4.4.1/camel-jms-4.4.1.jar:/home/hp/.m2/repository/org/springframework/spring-jms/6.1.6/spring-jms-6.1.6.jar:/home/hp/.m2/repository/org/springframework/spring-messaging/6.1.6/spring-messaging-6.1.6.jar:/home/hp/.m2/repository/org/springframework/spring-context/6.1.6/spring-context-6.1.6.jar:/home/hp/.m2/repository/org/springframework/spring-tx/6.1.6/spring-tx-6.1.6.jar:/home/hp/.m2/repository/org/springframework/spring-beans/6.1.6/spring-beans-6.1.6.jar:/home/hp/.m2/repository/org/apache/camel/camel-seda/4.4.1/camel-seda-4.4.1.jar:/home/hp/.m2/repository/org/apache/camel/camel-barcode/4.4.1/camel-barcode-4.4.1.jar:/home/hp/.m2/repository/com/google/zxing/core/3.5.3/core-3.5.3.jar:/home/hp/.m2/repository/com/google/zxing/javase/3.5.3/javase-3.5.3.jar:/home/hp/.m2/repository/com/beust/jcommander/1.82/jcommander-1.82.jar:/home/hp/.m2/repository/com/github/jai-imageio/jai-imageio-core/1.4.0/jai-imageio-core-1.4.0.jar:/home/hp/.m2/repository/org/apache/camel/springboot/camel-spring-boot-xml-starter/4.4.1/camel-spring-boot-xml-starter-4.4.1.jar:/home/hp/.m2/repository/org/apache/camel/springboot/camel-spring-boot-starter/4.4.1/camel-spring-boot-starter-4.4.1.jar:/home/hp/.m2/repository/org/apache/camel/springboot/camel-bean-starter/4.4.1/camel-bean-starter-4.4.1.jar:/home/hp/.m2/repository/org/apache/camel/springboot/camel-browse-starter/4.4.1/camel-browse-starter-4.4.1.jar:/home/hp/.m2/repository/org/apache/camel/springboot/camel-controlbus-starter/4.4.1/camel-controlbus-starter-4.4.1.jar:/home/hp/.m2/repository/org/apache/camel/springboot/camel-dataformat-starter/4.4.1/camel-dataformat-starter-4.4.1.jar:/home/hp/.m2/repository/org/apache/camel/springboot/camel-dataset-starter/4.4.1/camel-dataset-starter-4.4.1.jar:/home/hp/.m2/repository/org/apache/camel/springboot/camel-direct-starter/4.4.1/camel-direct-starter-4.4.1.jar:/home/hp/.m2/repository/org/apache/camel/springboot/camel-file-starter/4.4.1/camel-file-starter-4.4.1.jar:/home/hp/.m2/repository/org/apache/camel/springboot/camel-language-starter/4.4.1/camel-language-starter-4.4.1.jar:/home/hp/.m2/repository/org/apache/camel/springboot/camel-log-starter/4.4.1/camel-log-starter-4.4.1.jar:/home/hp/.m2/repository/org/apache/camel/springboot/camel-mock-starter/4.4.1/camel-mock-starter-4.4.1.jar:/home/hp/.m2/repository/org/apache/camel/springboot/camel-ref-starter/4.4.1/camel-ref-starter-4.4.1.jar:/home/hp/.m2/repository/org/apache/camel/springboot/camel-rest-starter/4.4.1/camel-rest-starter-4.4.1.jar:/home/hp/.m2/repository/org/apache/camel/springboot/camel-saga-starter/4.4.1/camel-saga-starter-4.4.1.jar:/home/hp/.m2/repository/org/apache/camel/springboot/camel-scheduler-starter/4.4.1/camel-scheduler-starter-4.4.1.jar:/home/hp/.m2/repository/org/apache/camel/springboot/camel-seda-starter/4.4.1/camel-seda-starter-4.4.1.jar:/home/hp/.m2/repository/org/apache/camel/springboot/camel-stub-starter/4.4.1/camel-stub-starter-4.4.1.jar:/home/hp/.m2/repository/org/apache/camel/springboot/camel-timer-starter/4.4.1/camel-timer-starter-4.4.1.jar:/home/hp/.m2/repository/org/apache/camel/springboot/camel-validator-starter/4.4.1/camel-validator-starter-4.4.1.jar:/home/hp/.m2/repository/org/apache/camel/springboot/camel-xpath-starter/4.4.1/camel-xpath-starter-4.4.1.jar:/home/hp/.m2/repository/org/apache/camel/springboot/camel-xslt-starter/4.4.1/camel-xslt-starter-4.4.1.jar:/home/hp/.m2/repository/org/apache/camel/springboot/camel-xml-jaxp-starter/4.4.1/camel-xml-jaxp-starter-4.4.1.jar:/home/hp/.m2/repository/org/apache/camel/springboot/camel-spring-boot-xml/4.4.1/camel-spring-boot-xml-4.4.1.jar:/home/hp/.m2/repository/org/apache/camel/camel-spring-xml/4.4.1/camel-spring-xml-4.4.1.jar:/home/hp/.m2/repository/org/apache/camel/camel-core-xml/4.4.1/camel-core-xml-4.4.1.jar:/home/hp/.m2/repository/org/apache/camel/camel-xml-jaxb-dsl/4.4.1/camel-xml-jaxb-dsl-4.4.1.jar:/home/hp/.m2/repository/org/apache/camel/camel-dsl-support/4.4.1/camel-dsl-support-4.4.1.jar:/home/hp/.m2/repository/org/springframework/boot/spring-boot-starter-test/3.2.5/spring-boot-starter-test-3.2.5.jar:/home/hp/.m2/repository/org/springframework/boot/spring-boot-test/3.2.5/spring-boot-test-3.2.5.jar:/home/hp/.m2/repository/org/springframework/boot/spring-boot-test-autoconfigure/3.2.5/spring-boot-test-autoconfigure-3.2.5.jar:/home/hp/.m2/repository/com/jayway/jsonpath/json-path/2.9.0/json-path-2.9.0.jar:/home/hp/.m2/repository/jakarta/xml/bind/jakarta.xml.bind-api/4.0.2/jakarta.xml.bind-api-4.0.2.jar:/home/hp/.m2/repository/net/minidev/json-smart/2.5.1/json-smart-2.5.1.jar:/home/hp/.m2/repository/net/minidev/accessors-smart/2.5.1/accessors-smart-2.5.1.jar:/home/hp/.m2/repository/org/ow2/asm/asm/9.6/asm-9.6.jar:/home/hp/.m2/repository/org/assertj/assertj-core/3.24.2/assertj-core-3.24.2.jar:/home/hp/.m2/repository/org/awaitility/awaitility/4.2.1/awaitility-4.2.1.jar:/home/hp/.m2/repository/org/hamcrest/hamcrest/2.2/hamcrest-2.2.jar:/home/hp/.m2/repository/org/junit/jupiter/junit-jupiter/5.10.2/junit-jupiter-5.10.2.jar:/home/hp/.m2/repository/org/junit/jupiter/junit-jupiter-api/5.10.2/junit-jupiter-api-5.10.2.jar:/home/hp/.m2/repository/org/opentest4j/opentest4j/1.3.0/opentest4j-1.3.0.jar:/home/hp/.m2/repository/org/junit/platform/junit-platform-commons/1.10.2/junit-platform-commons-1.10.2.jar:/home/hp/.m2/repository/org/apiguardian/apiguardian-api/1.1.2/apiguardian-api-1.1.2.jar:/home/hp/.m2/repository/org/junit/jupiter/junit-jupiter-params/5.10.2/junit-jupiter-params-5.10.2.jar:/home/hp/.m2/repository/org/junit/jupiter/junit-jupiter-engine/5.10.2/junit-jupiter-engine-5.10.2.jar:/home/hp/.m2/repository/org/junit/platform/junit-platform-engine/1.10.2/junit-platform-engine-1.10.2.jar:/home/hp/.m2/repository/org/mockito/mockito-core/5.7.0/mockito-core-5.7.0.jar:/home/hp/.m2/repository/net/bytebuddy/byte-buddy-agent/1.14.13/byte-buddy-agent-1.14.13.jar:/home/hp/.m2/repository/org/objenesis/objenesis/3.3/objenesis-3.3.jar:/home/hp/.m2/repository/org/mockito/mockito-junit-jupiter/5.7.0/mockito-junit-jupiter-5.7.0.jar:/home/hp/.m2/repository/org/skyscreamer/jsonassert/1.5.1/jsonassert-1.5.1.jar:/home/hp/.m2/repository/com/vaadin/external/google/android-json/0.0.20131108.vaadin1/android-json-0.0.20131108.vaadin1.jar:/home/hp/.m2/repository/org/springframework/spring-core/6.1.6/spring-core-6.1.6.jar:/home/hp/.m2/repository/org/springframework/spring-jcl/6.1.6/spring-jcl-6.1.6.jar:/home/hp/.m2/repository/org/springframework/spring-test/6.1.6/spring-test-6.1.6.jar:/home/hp/.m2/repository/org/xmlunit/xmlunit-core/2.9.1/xmlunit-core-2.9.1.jar:"/>
    <property name="sun.cpu.endian" value="little"/>
    <property name="user.home" value="/home/hp"/>
    <property name="user.language" value="en"/>
    <property name="java.specification.vendor" value="Oracle Corporation"/>
    <property name="java.version.date" value="2024-07-16"/>
    <property name="java.home" value="/usr/lib/jvm/java-17-openjdk-amd64"/>
    <property name="file.separator" value="/"/>
    <property name="basedir" value="/home/hp/Downloads/PolicyManagement"/>
    <property name="java.vm.compressedOopsMode" value="Zero based"/>
    <property name="line.separator" value="&#10;"/>
    <property name="java.specification.name" value="Java Platform API Specification"/>
    <property name="java.vm.specification.vendor" value="Oracle Corporation"/>
    <property name="FILE_LOG_CHARSET" value="UTF-8"/>
    <property name="java.awt.headless" value="true"/>
    <property name="surefire.real.class.path" value="/home/hp/Downloads/PolicyManagement/target/surefire/surefirebooter-20240809111540472_3.jar"/>
    <property name="sun.management.compiler" value="HotSpot 64-Bit Tiered Compilers"/>
    <property name="java.runtime.version" value="17.0.12+7-Ubuntu-1ubuntu222.04"/>
    <property name="user.name" value="hp"/>
    <property name="path.separator" value=":"/>
    <property name="os.version" value="6.5.0-45-generic"/>
    <property name="java.runtime.name" value="OpenJDK Runtime Environment"/>
    <property name="file.encoding" value="UTF-8"/>
    <property name="java.vm.name" value="OpenJDK 64-Bit Server VM"/>
    <property name="localRepository" value="/home/hp/.m2/repository"/>
    <property name="java.vendor.url.bug" value="https://bugs.launchpad.net/ubuntu/+source/openjdk-17"/>
    <property name="jetty.git.hash" value="ffffdcc3c863b8f49901cc7c84a8157ebc5d15f9"/>
    <property name="java.io.tmpdir" value="/tmp"/>
    <property name="java.version" value="17.0.12"/>
    <property name="user.dir" value="/home/hp/Downloads/PolicyManagement"/>
    <property name="os.arch" value="amd64"/>
    <property name="java.vm.specification.name" value="Java Virtual Machine Specification"/>
    <property name="PID" value="26017"/>
    <property name="CONSOLE_LOG_CHARSET" value="UTF-8"/>
    <property name="native.encoding" value="UTF-8"/>
    <property name="java.library.path" value="/usr/java/packages/lib:/usr/lib/x86_64-linux-gnu/jni:/lib/x86_64-linux-gnu:/usr/lib/x86_64-linux-gnu:/usr/lib/jni:/lib:/usr/lib"/>
    <property name="java.vm.info" value="mixed mode, sharing"/>
    <property name="java.vendor" value="Ubuntu"/>
    <property name="java.vm.version" value="17.0.12+7-Ubuntu-1ubuntu222.04"/>
    <property name="sun.io.unicode.encoding" value="UnicodeLittle"/>
    <property name="java.class.version" value="61.0"/>
  </properties>
  <testcase name="contextLoads" classname="com.camel.PolicyManagement.PolicyManagementApplicationTests" time="0.45">
    <system-out><![CDATA[11:15:41.243 [main] INFO org.springframework.test.context.support.AnnotationConfigContextLoaderUtils -- Could not detect default configuration classes for test class [com.camel.PolicyManagement.PolicyManagementApplicationTests]: PolicyManagementApplicationTests does not declare any static, non-private, non-final, nested classes annotated with @Configuration.
11:15:41.343 [main] INFO org.springframework.boot.test.context.SpringBootTestContextBootstrapper -- Found @SpringBootConfiguration com.camel.PolicyManagement.PolicyManagementApplication for test class com.camel.PolicyManagement.PolicyManagementApplicationTests

  .   ____          _            __ _ _
 /\\ / ___'_ __ _ _(_)_ __  __ _ \ \ \ \
( ( )\___ | '_ | '_| | '_ \/ _` | \ \ \ \
 \\/  ___)| |_)| | | | | || (_| |  ) ) ) )
  '  |____| .__|_| |_|_| |_\__, | / / / /
 =========|_|==============|___/=/_/_/_/
 :: Spring Boot ::                (v3.2.5)

2024-08-09T11:15:41.658+05:30  INFO 26017 --- [           main] c.c.P.PolicyManagementApplicationTests   : Starting PolicyManagementApplicationTests using Java 17.0.12 with PID 26017 (started by hp in /home/hp/Downloads/PolicyManagement)
2024-08-09T11:15:41.659+05:30  INFO 26017 --- [           main] c.c.P.PolicyManagementApplicationTests   : No active profile set, falling back to 1 default profile: "default"
2024-08-09T11:15:42.474+05:30  INFO 26017 --- [           main] .s.d.r.c.RepositoryConfigurationDelegate : Bootstrapping Spring Data JPA repositories in DEFAULT mode.
2024-08-09T11:15:42.497+05:30  INFO 26017 --- [           main] .s.d.r.c.RepositoryConfigurationDelegate : Finished Spring Data repository scanning in 14 ms. Found 0 JPA repository interfaces.
2024-08-09T11:15:42.929+05:30  INFO 26017 --- [           main] o.hibernate.jpa.internal.util.LogHelper  : HHH000204: Processing PersistenceUnitInfo [name: default]
2024-08-09T11:15:42.981+05:30  INFO 26017 --- [           main] org.hibernate.Version                    : HHH000412: Hibernate ORM core version 6.4.4.Final
2024-08-09T11:15:43.018+05:30  INFO 26017 --- [           main] o.h.c.internal.RegionFactoryInitiator    : HHH000026: Second-level cache disabled
2024-08-09T11:15:43.227+05:30  INFO 26017 --- [           main] o.s.o.j.p.SpringPersistenceUnitInfo      : No LoadTimeWeaver setup: ignoring JPA class transformer
2024-08-09T11:15:43.694+05:30  WARN 26017 --- [           main] org.hibernate.orm.deprecation            : HHH90000025: PostgreSQLDialect does not need to be specified explicitly using 'hibernate.dialect' (remove the property setting and it will be selected by default)
2024-08-09T11:15:44.572+05:30  INFO 26017 --- [           main] o.h.e.t.j.p.i.JtaPlatformInitiator       : HHH000489: No JTA platform available (set 'hibernate.transaction.jta.platform' to enable JTA platform integration)
2024-08-09T11:15:44.694+05:30  WARN 26017 --- [           main] o.h.t.s.i.ExceptionHandlerLoggedImpl     : GenerationTarget encountered exception accepting command : Error executing DDL "alter table if exists policy_type_table alter column policytype_id set data type integer" via JDBC [ERROR: column "policytype_id" cannot be cast automatically to type integer
  Hint: You might need to specify "USING policytype_id::integer".]

org.hibernate.tool.schema.spi.CommandAcceptanceException: Error executing DDL "alter table if exists policy_type_table alter column policytype_id set data type integer" via JDBC [ERROR: column "policytype_id" cannot be cast automatically to type integer
  Hint: You might need to specify "USING policytype_id::integer".]
	at org.hibernate.tool.schema.internal.exec.GenerationTargetToDatabase.accept(GenerationTargetToDatabase.java:94) ~[hibernate-core-6.4.4.Final.jar:6.4.4.Final]
	at org.hibernate.tool.schema.internal.AbstractSchemaMigrator.applySqlString(AbstractSchemaMigrator.java:574) ~[hibernate-core-6.4.4.Final.jar:6.4.4.Final]
	at org.hibernate.tool.schema.internal.AbstractSchemaMigrator.applySqlStrings(AbstractSchemaMigrator.java:514) ~[hibernate-core-6.4.4.Final.jar:6.4.4.Final]
	at org.hibernate.tool.schema.internal.AbstractSchemaMigrator.migrateTable(AbstractSchemaMigrator.java:333) ~[hibernate-core-6.4.4.Final.jar:6.4.4.Final]
	at org.hibernate.tool.schema.internal.GroupedSchemaMigratorImpl.performTablesMigration(GroupedSchemaMigratorImpl.java:84) ~[hibernate-core-6.4.4.Final.jar:6.4.4.Final]
	at org.hibernate.tool.schema.internal.AbstractSchemaMigrator.performMigration(AbstractSchemaMigrator.java:232) ~[hibernate-core-6.4.4.Final.jar:6.4.4.Final]
	at org.hibernate.tool.schema.internal.AbstractSchemaMigrator.doMigration(AbstractSchemaMigrator.java:117) ~[hibernate-core-6.4.4.Final.jar:6.4.4.Final]
	at org.hibernate.tool.schema.spi.SchemaManagementToolCoordinator.performDatabaseAction(SchemaManagementToolCoordinator.java:286) ~[hibernate-core-6.4.4.Final.jar:6.4.4.Final]
	at org.hibernate.tool.schema.spi.SchemaManagementToolCoordinator.lambda$process$5(SchemaManagementToolCoordinator.java:145) ~[hibernate-core-6.4.4.Final.jar:6.4.4.Final]
	at java.base/java.util.HashMap.forEach(HashMap.java:1421) ~[na:na]
	at org.hibernate.tool.schema.spi.SchemaManagementToolCoordinator.process(SchemaManagementToolCoordinator.java:142) ~[hibernate-core-6.4.4.Final.jar:6.4.4.Final]
	at org.hibernate.boot.internal.SessionFactoryObserverForSchemaExport.sessionFactoryCreated(SessionFactoryObserverForSchemaExport.java:37) ~[hibernate-core-6.4.4.Final.jar:6.4.4.Final]
	at org.hibernate.internal.SessionFactoryObserverChain.sessionFactoryCreated(SessionFactoryObserverChain.java:35) ~[hibernate-core-6.4.4.Final.jar:6.4.4.Final]
	at org.hibernate.internal.SessionFactoryImpl.<init>(SessionFactoryImpl.java:315) ~[hibernate-core-6.4.4.Final.jar:6.4.4.Final]
	at org.hibernate.boot.internal.SessionFactoryBuilderImpl.build(SessionFactoryBuilderImpl.java:450) ~[hibernate-core-6.4.4.Final.jar:6.4.4.Final]
	at org.hibernate.jpa.boot.internal.EntityManagerFactoryBuilderImpl.build(EntityManagerFactoryBuilderImpl.java:1507) ~[hibernate-core-6.4.4.Final.jar:6.4.4.Final]
	at org.springframework.orm.jpa.vendor.SpringHibernateJpaPersistenceProvider.createContainerEntityManagerFactory(SpringHibernateJpaPersistenceProvider.java:75) ~[spring-orm-6.1.6.jar:6.1.6]
	at org.springframework.orm.jpa.LocalContainerEntityManagerFactoryBean.createNativeEntityManagerFactory(LocalContainerEntityManagerFactoryBean.java:390) ~[spring-orm-6.1.6.jar:6.1.6]
	at org.springframework.orm.jpa.AbstractEntityManagerFactoryBean.buildNativeEntityManagerFactory(AbstractEntityManagerFactoryBean.java:409) ~[spring-orm-6.1.6.jar:6.1.6]
	at org.springframework.orm.jpa.AbstractEntityManagerFactoryBean.afterPropertiesSet(AbstractEntityManagerFactoryBean.java:396) ~[spring-orm-6.1.6.jar:6.1.6]
	at org.springframework.orm.jpa.LocalContainerEntityManagerFactoryBean.afterPropertiesSet(LocalContainerEntityManagerFactoryBean.java:366) ~[spring-orm-6.1.6.jar:6.1.6]
	at org.springframework.beans.factory.support.AbstractAutowireCapableBeanFactory.invokeInitMethods(AbstractAutowireCapableBeanFactory.java:1833) ~[spring-beans-6.1.6.jar:6.1.6]
	at org.springframework.beans.factory.support.AbstractAutowireCapableBeanFactory.initializeBean(AbstractAutowireCapableBeanFactory.java:1782) ~[spring-beans-6.1.6.jar:6.1.6]
	at org.springframework.beans.factory.support.AbstractAutowireCapableBeanFactory.doCreateBean(AbstractAutowireCapableBeanFactory.java:600) ~[spring-beans-6.1.6.jar:6.1.6]
	at org.springframework.beans.factory.support.AbstractAutowireCapableBeanFactory.createBean(AbstractAutowireCapableBeanFactory.java:522) ~[spring-beans-6.1.6.jar:6.1.6]
	at org.springframework.beans.factory.support.AbstractBeanFactory.lambda$doGetBean$0(AbstractBeanFactory.java:326) ~[spring-beans-6.1.6.jar:6.1.6]
	at org.springframework.beans.factory.support.DefaultSingletonBeanRegistry.getSingleton(DefaultSingletonBeanRegistry.java:234) ~[spring-beans-6.1.6.jar:6.1.6]
	at org.springframework.beans.factory.support.AbstractBeanFactory.doGetBean(AbstractBeanFactory.java:324) ~[spring-beans-6.1.6.jar:6.1.6]
	at org.springframework.beans.factory.support.AbstractBeanFactory.getBean(AbstractBeanFactory.java:200) ~[spring-beans-6.1.6.jar:6.1.6]
	at org.springframework.context.support.AbstractApplicationContext.getBean(AbstractApplicationContext.java:1234) ~[spring-context-6.1.6.jar:6.1.6]
	at org.springframework.context.support.AbstractApplicationContext.finishBeanFactoryInitialization(AbstractApplicationContext.java:952) ~[spring-context-6.1.6.jar:6.1.6]
	at org.springframework.context.support.AbstractApplicationContext.refresh(AbstractApplicationContext.java:624) ~[spring-context-6.1.6.jar:6.1.6]
	at org.springframework.boot.SpringApplication.refresh(SpringApplication.java:754) ~[spring-boot-3.2.5.jar:3.2.5]
	at org.springframework.boot.SpringApplication.refreshContext(SpringApplication.java:456) ~[spring-boot-3.2.5.jar:3.2.5]
	at org.springframework.boot.SpringApplication.run(SpringApplication.java:334) ~[spring-boot-3.2.5.jar:3.2.5]
	at org.springframework.boot.test.context.SpringBootContextLoader.lambda$loadContext$3(SpringBootContextLoader.java:137) ~[spring-boot-test-3.2.5.jar:3.2.5]
	at org.springframework.util.function.ThrowingSupplier.get(ThrowingSupplier.java:58) ~[spring-core-6.1.6.jar:6.1.6]
	at org.springframework.util.function.ThrowingSupplier.get(ThrowingSupplier.java:46) ~[spring-core-6.1.6.jar:6.1.6]
	at org.springframework.boot.SpringApplication.withHook(SpringApplication.java:1454) ~[spring-boot-3.2.5.jar:3.2.5]
	at org.springframework.boot.test.context.SpringBootContextLoader$ContextLoaderHook.run(SpringBootContextLoader.java:553) ~[spring-boot-test-3.2.5.jar:3.2.5]
	at org.springframework.boot.test.context.SpringBootContextLoader.loadContext(SpringBootContextLoader.java:137) ~[spring-boot-test-3.2.5.jar:3.2.5]
	at org.springframework.boot.test.context.SpringBootContextLoader.loadContext(SpringBootContextLoader.java:108) ~[spring-boot-test-3.2.5.jar:3.2.5]
	at org.springframework.test.context.cache.DefaultCacheAwareContextLoaderDelegate.loadContextInternal(DefaultCacheAwareContextLoaderDelegate.java:225) ~[spring-test-6.1.6.jar:6.1.6]
	at org.springframework.test.context.cache.DefaultCacheAwareContextLoaderDelegate.loadContext(DefaultCacheAwareContextLoaderDelegate.java:152) ~[spring-test-6.1.6.jar:6.1.6]
	at org.springframework.test.context.support.DefaultTestContext.getApplicationContext(DefaultTestContext.java:130) ~[spring-test-6.1.6.jar:6.1.6]
	at org.springframework.test.context.web.ServletTestExecutionListener.setUpRequestContextIfNecessary(ServletTestExecutionListener.java:191) ~[spring-test-6.1.6.jar:6.1.6]
	at org.springframework.test.context.web.ServletTestExecutionListener.prepareTestInstance(ServletTestExecutionListener.java:130) ~[spring-test-6.1.6.jar:6.1.6]
	at org.springframework.test.context.TestContextManager.prepareTestInstance(TestContextManager.java:260) ~[spring-test-6.1.6.jar:6.1.6]
	at org.springframework.test.context.junit.jupiter.SpringExtension.postProcessTestInstance(SpringExtension.java:163) ~[spring-test-6.1.6.jar:6.1.6]
	at org.junit.jupiter.engine.descriptor.ClassBasedTestDescriptor.lambda$invokeTestInstancePostProcessors$10(ClassBasedTestDescriptor.java:378) ~[junit-jupiter-engine-5.10.2.jar:5.10.2]
	at org.junit.jupiter.engine.descriptor.ClassBasedTestDescriptor.executeAndMaskThrowable(ClassBasedTestDescriptor.java:383) ~[junit-jupiter-engine-5.10.2.jar:5.10.2]
	at org.junit.jupiter.engine.descriptor.ClassBasedTestDescriptor.lambda$invokeTestInstancePostProcessors$11(ClassBasedTestDescriptor.java:378) ~[junit-jupiter-engine-5.10.2.jar:5.10.2]
	at java.base/java.util.stream.ReferencePipeline$3$1.accept(ReferencePipeline.java:197) ~[na:na]
	at java.base/java.util.stream.ReferencePipeline$2$1.accept(ReferencePipeline.java:179) ~[na:na]
	at java.base/java.util.ArrayList$ArrayListSpliterator.forEachRemaining(ArrayList.java:1625) ~[na:na]
	at java.base/java.util.stream.AbstractPipeline.copyInto(AbstractPipeline.java:509) ~[na:na]
	at java.base/java.util.stream.AbstractPipeline.wrapAndCopyInto(AbstractPipeline.java:499) ~[na:na]
	at java.base/java.util.stream.StreamSpliterators$WrappingSpliterator.forEachRemaining(StreamSpliterators.java:310) ~[na:na]
	at java.base/java.util.stream.Streams$ConcatSpliterator.forEachRemaining(Streams.java:735) ~[na:na]
	at java.base/java.util.stream.Streams$ConcatSpliterator.forEachRemaining(Streams.java:734) ~[na:na]
	at java.base/java.util.stream.ReferencePipeline$Head.forEach(ReferencePipeline.java:762) ~[na:na]
	at org.junit.jupiter.engine.descriptor.ClassBasedTestDescriptor.invokeTestInstancePostProcessors(ClassBasedTestDescriptor.java:377) ~[junit-jupiter-engine-5.10.2.jar:5.10.2]
	at org.junit.jupiter.engine.descriptor.ClassBasedTestDescriptor.lambda$instantiateAndPostProcessTestInstance$6(ClassBasedTestDescriptor.java:290) ~[junit-jupiter-engine-5.10.2.jar:5.10.2]
	at org.junit.platform.engine.support.hierarchical.ThrowableCollector.execute(ThrowableCollector.java:73) ~[junit-platform-engine-1.10.2.jar:1.10.2]
	at org.junit.jupiter.engine.descriptor.ClassBasedTestDescriptor.instantiateAndPostProcessTestInstance(ClassBasedTestDescriptor.java:289) ~[junit-jupiter-engine-5.10.2.jar:5.10.2]
	at org.junit.jupiter.engine.descriptor.ClassBasedTestDescriptor.lambda$testInstancesProvider$4(ClassBasedTestDescriptor.java:279) ~[junit-jupiter-engine-5.10.2.jar:5.10.2]
	at java.base/java.util.Optional.orElseGet(Optional.java:364) ~[na:na]
	at org.junit.jupiter.engine.descriptor.ClassBasedTestDescriptor.lambda$testInstancesProvider$5(ClassBasedTestDescriptor.java:278) ~[junit-jupiter-engine-5.10.2.jar:5.10.2]
	at org.junit.jupiter.engine.execution.TestInstancesProvider.getTestInstances(TestInstancesProvider.java:31) ~[junit-jupiter-engine-5.10.2.jar:5.10.2]
	at org.junit.jupiter.engine.descriptor.TestMethodTestDescriptor.lambda$prepare$0(TestMethodTestDescriptor.java:106) ~[junit-jupiter-engine-5.10.2.jar:5.10.2]
	at org.junit.platform.engine.support.hierarchical.ThrowableCollector.execute(ThrowableCollector.java:73) ~[junit-platform-engine-1.10.2.jar:1.10.2]
	at org.junit.jupiter.engine.descriptor.TestMethodTestDescriptor.prepare(TestMethodTestDescriptor.java:105) ~[junit-jupiter-engine-5.10.2.jar:5.10.2]
	at org.junit.jupiter.engine.descriptor.TestMethodTestDescriptor.prepare(TestMethodTestDescriptor.java:69) ~[junit-jupiter-engine-5.10.2.jar:5.10.2]
	at org.junit.platform.engine.support.hierarchical.NodeTestTask.lambda$prepare$2(NodeTestTask.java:123) ~[junit-platform-engine-1.10.2.jar:1.10.2]
	at org.junit.platform.engine.support.hierarchical.ThrowableCollector.execute(ThrowableCollector.java:73) ~[junit-platform-engine-1.10.2.jar:1.10.2]
	at org.junit.platform.engine.support.hierarchical.NodeTestTask.prepare(NodeTestTask.java:123) ~[junit-platform-engine-1.10.2.jar:1.10.2]
	at org.junit.platform.engine.support.hierarchical.NodeTestTask.execute(NodeTestTask.java:90) ~[junit-platform-engine-1.10.2.jar:1.10.2]
	at java.base/java.util.ArrayList.forEach(ArrayList.java:1511) ~[na:na]
	at org.junit.platform.engine.support.hierarchical.SameThreadHierarchicalTestExecutorService.invokeAll(SameThreadHierarchicalTestExecutorService.java:41) ~[junit-platform-engine-1.10.2.jar:1.10.2]
	at org.junit.platform.engine.support.hierarchical.NodeTestTask.lambda$executeRecursively$6(NodeTestTask.java:155) ~[junit-platform-engine-1.10.2.jar:1.10.2]
	at org.junit.platform.engine.support.hierarchical.ThrowableCollector.execute(ThrowableCollector.java:73) ~[junit-platform-engine-1.10.2.jar:1.10.2]
	at org.junit.platform.engine.support.hierarchical.NodeTestTask.lambda$executeRecursively$8(NodeTestTask.java:141) ~[junit-platform-engine-1.10.2.jar:1.10.2]
	at org.junit.platform.engine.support.hierarchical.Node.around(Node.java:137) ~[junit-platform-engine-1.10.2.jar:1.10.2]
	at org.junit.platform.engine.support.hierarchical.NodeTestTask.lambda$executeRecursively$9(NodeTestTask.java:139) ~[junit-platform-engine-1.10.2.jar:1.10.2]
	at org.junit.platform.engine.support.hierarchical.ThrowableCollector.execute(ThrowableCollector.java:73) ~[junit-platform-engine-1.10.2.jar:1.10.2]
	at org.junit.platform.engine.support.hierarchical.NodeTestTask.executeRecursively(NodeTestTask.java:138) ~[junit-platform-engine-1.10.2.jar:1.10.2]
	at org.junit.platform.engine.support.hierarchical.NodeTestTask.execute(NodeTestTask.java:95) ~[junit-platform-engine-1.10.2.jar:1.10.2]
	at java.base/java.util.ArrayList.forEach(ArrayList.java:1511) ~[na:na]
	at org.junit.platform.engine.support.hierarchical.SameThreadHierarchicalTestExecutorService.invokeAll(SameThreadHierarchicalTestExecutorService.java:41) ~[junit-platform-engine-1.10.2.jar:1.10.2]
	at org.junit.platform.engine.support.hierarchical.NodeTestTask.lambda$executeRecursively$6(NodeTestTask.java:155) ~[junit-platform-engine-1.10.2.jar:1.10.2]
	at org.junit.platform.engine.support.hierarchical.ThrowableCollector.execute(ThrowableCollector.java:73) ~[junit-platform-engine-1.10.2.jar:1.10.2]
	at org.junit.platform.engine.support.hierarchical.NodeTestTask.lambda$executeRecursively$8(NodeTestTask.java:141) ~[junit-platform-engine-1.10.2.jar:1.10.2]
	at org.junit.platform.engine.support.hierarchical.Node.around(Node.java:137) ~[junit-platform-engine-1.10.2.jar:1.10.2]
	at org.junit.platform.engine.support.hierarchical.NodeTestTask.lambda$executeRecursively$9(NodeTestTask.java:139) ~[junit-platform-engine-1.10.2.jar:1.10.2]
	at org.junit.platform.engine.support.hierarchical.ThrowableCollector.execute(ThrowableCollector.java:73) ~[junit-platform-engine-1.10.2.jar:1.10.2]
	at org.junit.platform.engine.support.hierarchical.NodeTestTask.executeRecursively(NodeTestTask.java:138) ~[junit-platform-engine-1.10.2.jar:1.10.2]
	at org.junit.platform.engine.support.hierarchical.NodeTestTask.execute(NodeTestTask.java:95) ~[junit-platform-engine-1.10.2.jar:1.10.2]
	at org.junit.platform.engine.support.hierarchical.SameThreadHierarchicalTestExecutorService.submit(SameThreadHierarchicalTestExecutorService.java:35) ~[junit-platform-engine-1.10.2.jar:1.10.2]
	at org.junit.platform.engine.support.hierarchical.HierarchicalTestExecutor.execute(HierarchicalTestExecutor.java:57) ~[junit-platform-engine-1.10.2.jar:1.10.2]
	at org.junit.platform.engine.support.hierarchical.HierarchicalTestEngine.execute(HierarchicalTestEngine.java:54) ~[junit-platform-engine-1.10.2.jar:1.10.2]
	at org.junit.platform.launcher.core.EngineExecutionOrchestrator.execute(EngineExecutionOrchestrator.java:198) ~[junit-platform-launcher-1.10.2.jar:1.10.2]
	at org.junit.platform.launcher.core.EngineExecutionOrchestrator.execute(EngineExecutionOrchestrator.java:169) ~[junit-platform-launcher-1.10.2.jar:1.10.2]
	at org.junit.platform.launcher.core.EngineExecutionOrchestrator.execute(EngineExecutionOrchestrator.java:93) ~[junit-platform-launcher-1.10.2.jar:1.10.2]
	at org.junit.platform.launcher.core.EngineExecutionOrchestrator.lambda$execute$0(EngineExecutionOrchestrator.java:58) ~[junit-platform-launcher-1.10.2.jar:1.10.2]
	at org.junit.platform.launcher.core.EngineExecutionOrchestrator.withInterceptedStreams(EngineExecutionOrchestrator.java:141) ~[junit-platform-launcher-1.10.2.jar:1.10.2]
	at org.junit.platform.launcher.core.EngineExecutionOrchestrator.execute(EngineExecutionOrchestrator.java:57) ~[junit-platform-launcher-1.10.2.jar:1.10.2]
	at org.junit.platform.launcher.core.DefaultLauncher.execute(DefaultLauncher.java:103) ~[junit-platform-launcher-1.10.2.jar:1.10.2]
	at org.junit.platform.launcher.core.DefaultLauncher.execute(DefaultLauncher.java:85) ~[junit-platform-launcher-1.10.2.jar:1.10.2]
	at org.junit.platform.launcher.core.DelegatingLauncher.execute(DelegatingLauncher.java:47) ~[junit-platform-launcher-1.10.2.jar:1.10.2]
	at org.apache.maven.surefire.junitplatform.LazyLauncher.execute(LazyLauncher.java:56) ~[surefire-junit-platform-3.1.2.jar:3.1.2]
	at org.apache.maven.surefire.junitplatform.JUnitPlatformProvider.execute(JUnitPlatformProvider.java:184) ~[surefire-junit-platform-3.1.2.jar:3.1.2]
	at org.apache.maven.surefire.junitplatform.JUnitPlatformProvider.invokeAllTests(JUnitPlatformProvider.java:148) ~[surefire-junit-platform-3.1.2.jar:3.1.2]
	at org.apache.maven.surefire.junitplatform.JUnitPlatformProvider.invoke(JUnitPlatformProvider.java:122) ~[surefire-junit-platform-3.1.2.jar:3.1.2]
	at org.apache.maven.surefire.booter.ForkedBooter.runSuitesInProcess(ForkedBooter.java:385) ~[surefire-booter-3.1.2.jar:3.1.2]
	at org.apache.maven.surefire.booter.ForkedBooter.execute(ForkedBooter.java:162) ~[surefire-booter-3.1.2.jar:3.1.2]
	at org.apache.maven.surefire.booter.ForkedBooter.run(ForkedBooter.java:507) ~[surefire-booter-3.1.2.jar:3.1.2]
	at org.apache.maven.surefire.booter.ForkedBooter.main(ForkedBooter.java:495) ~[surefire-booter-3.1.2.jar:3.1.2]
Caused by: org.postgresql.util.PSQLException: ERROR: column "policytype_id" cannot be cast automatically to type integer
  Hint: You might need to specify "USING policytype_id::integer".
	at org.postgresql.core.v3.QueryExecutorImpl.receiveErrorResponse(QueryExecutorImpl.java:2565) ~[postgresql-42.2.24.jar:42.2.24]
	at org.postgresql.core.v3.QueryExecutorImpl.processResults(QueryExecutorImpl.java:2297) ~[postgresql-42.2.24.jar:42.2.24]
	at org.postgresql.core.v3.QueryExecutorImpl.execute(QueryExecutorImpl.java:322) ~[postgresql-42.2.24.jar:42.2.24]
	at org.postgresql.jdbc.PgStatement.executeInternal(PgStatement.java:481) ~[postgresql-42.2.24.jar:42.2.24]
	at org.postgresql.jdbc.PgStatement.execute(PgStatement.java:401) ~[postgresql-42.2.24.jar:42.2.24]
	at org.postgresql.jdbc.PgStatement.executeWithFlags(PgStatement.java:322) ~[postgresql-42.2.24.jar:42.2.24]
	at org.postgresql.jdbc.PgStatement.executeCachedSql(PgStatement.java:308) ~[postgresql-42.2.24.jar:42.2.24]
	at org.postgresql.jdbc.PgStatement.executeWithFlags(PgStatement.java:284) ~[postgresql-42.2.24.jar:42.2.24]
	at org.postgresql.jdbc.PgStatement.execute(PgStatement.java:279) ~[postgresql-42.2.24.jar:42.2.24]
	at org.apache.commons.dbcp2.DelegatingStatement.execute(DelegatingStatement.java:194) ~[commons-dbcp2-2.7.0.jar:2.7.0]
	at org.apache.commons.dbcp2.DelegatingStatement.execute(DelegatingStatement.java:194) ~[commons-dbcp2-2.7.0.jar:2.7.0]
	at org.hibernate.tool.schema.internal.exec.GenerationTargetToDatabase.accept(GenerationTargetToDatabase.java:80) ~[hibernate-core-6.4.4.Final.jar:6.4.4.Final]
	... 116 common frames omitted

2024-08-09T11:15:44.879+05:30  INFO 26017 --- [           main] j.LocalContainerEntityManagerFactoryBean : Initialized JPA EntityManagerFactory for persistence unit 'default'
2024-08-09T11:15:45.063+05:30  INFO 26017 --- [           main] o.a.c.support.LifecycleStrategySupport   : Autowired property: dataSource on component: sql as exactly one instance of type: javax.sql.DataSource (org.apache.commons.dbcp2.BasicDataSource) found in the registry
2024-08-09T11:15:45.469+05:30  INFO 26017 --- [           main] o.a.c.impl.engine.AbstractCamelContext   : Apache Camel 4.4.1 (camel-1) is starting
2024-08-09T11:15:45.641+05:30  INFO 26017 --- [           main] org.eclipse.jetty.server.Server          : jetty-12.0.8; built: 2024-03-29T19:58:19.443Z; git: ffffdcc3c863b8f49901cc7c84a8157ebc5d15f9; jvm 17.0.12+7-Ubuntu-1ubuntu222.04
2024-08-09T11:15:45.658+05:30  INFO 26017 --- [           main] o.e.jetty.server.handler.ContextHandler  : Started oeje10s.ServletContextHandler@1a370c7c{ROOT,/,b=null,a=AVAILABLE,h=oeje10s.ServletHandler@63f08f9f{STARTED}}
2024-08-09T11:15:45.660+05:30  INFO 26017 --- [           main] o.e.j.e.servlet.ServletContextHandler    : Started oeje10s.ServletContextHandler@1a370c7c{ROOT,/,b=null,a=AVAILABLE,h=oeje10s.ServletHandler@63f08f9f{STARTED}}
2024-08-09T11:15:45.685+05:30  INFO 26017 --- [           main] o.e.jetty.server.AbstractConnector       : Started ServerConnector@42c3b02e{HTTP/1.1, (http/1.1)}{0.0.0.0:8084}
2024-08-09T11:15:45.687+05:30  INFO 26017 --- [           main] org.eclipse.jetty.server.Server          : Started oejs.Server@50c20b15{STARTING}[12.0.8,sto=0] @5136ms
2024-08-09T11:15:45.700+05:30  INFO 26017 --- [           main] o.a.c.impl.engine.AbstractCamelContext   : Routes startup (started:31)
2024-08-09T11:15:45.701+05:30  INFO 26017 --- [           main] o.a.c.impl.engine.AbstractCamelContext   :     Started checkPolicyStatus (rest://get:checkPolicyStatus/%7BinsuranceId%7D)
2024-08-09T11:15:45.701+05:30  INFO 26017 --- [           main] o.a.c.impl.engine.AbstractCamelContext   :     Started post-customer (rest://post:addCustomer)
2024-08-09T11:15:45.701+05:30  INFO 26017 --- [           main] o.a.c.impl.engine.AbstractCamelContext   :     Started route1 (rest://get:fetchCustomerName)
2024-08-09T11:15:45.701+05:30  INFO 26017 --- [           main] o.a.c.impl.engine.AbstractCamelContext   :     Started route2 (rest://get:fetchAllPolicyPlans)
2024-08-09T11:15:45.701+05:30  INFO 26017 --- [           main] o.a.c.impl.engine.AbstractCamelContext   :     Started fetchPaymentAmount (rest://get:fetchPaymentAmount/%7BinsuranceId%7D)
2024-08-09T11:15:45.701+05:30  INFO 26017 --- [           main] o.a.c.impl.engine.AbstractCamelContext   :     Started route3 (rest://options:getAllPolicies)
2024-08-09T11:15:45.701+05:30  INFO 26017 --- [           main] o.a.c.impl.engine.AbstractCamelContext   :     Started getAllPolicies (rest://post:getAllPolicies)
2024-08-09T11:15:45.701+05:30  INFO 26017 --- [           main] o.a.c.impl.engine.AbstractCamelContext   :     Started getpayments (rest://get:getPayments/%7BuserId%7D)
2024-08-09T11:15:45.701+05:30  INFO 26017 --- [           main] o.a.c.impl.engine.AbstractCamelContext   :     Started options-customer (rest://options:addInsurance)
2024-08-09T11:15:45.701+05:30  INFO 26017 --- [           main] o.a.c.impl.engine.AbstractCamelContext   :     Started post-insurance (rest://post:addInsurance)
2024-08-09T11:15:45.701+05:30  INFO 26017 --- [           main] o.a.c.impl.engine.AbstractCamelContext   :     Started add-application (direct://addApplication)
2024-08-09T11:15:45.701+05:30  INFO 26017 --- [           main] o.a.c.impl.engine.AbstractCamelContext   :     Started issuePayments (rest://get:issuePayment/%7BinsuranceId%7D)
2024-08-09T11:15:45.701+05:30  INFO 26017 --- [           main] o.a.c.impl.engine.AbstractCamelContext   :     Started post-payment-status (rest://post:addPaymentStatus/)
2024-08-09T11:15:45.702+05:30  INFO 26017 --- [           main] o.a.c.impl.engine.AbstractCamelContext   :     Started calculatePayment (rest://post:calculatePayment)
2024-08-09T11:15:45.702+05:30  INFO 26017 --- [           main] o.a.c.impl.engine.AbstractCamelContext   :     Started route4 (direct://addpayments)
2024-08-09T11:15:45.702+05:30  INFO 26017 --- [           main] o.a.c.impl.engine.AbstractCamelContext   :     Started options-handler (rest://options:addPolicy)
2024-08-09T11:15:45.702+05:30  INFO 26017 --- [           main] o.a.c.impl.engine.AbstractCamelContext   :     Started add-policy-premium (rest://post:addPolicy)
2024-08-09T11:15:45.702+05:30  INFO 26017 --- [           main] o.a.c.impl.engine.AbstractCamelContext   :     Started getVerifiedPolicies (rest://get:getVerifiedPolicies)
2024-08-09T11:15:45.702+05:30  INFO 26017 --- [           main] o.a.c.impl.engine.AbstractCamelContext   :     Started verifyPaymentDetails (rest://get:verifyPaymentDetails/%7BinsuranceId%7D)
2024-08-09T11:15:45.702+05:30  INFO 26017 --- [           main] o.a.c.impl.engine.AbstractCamelContext   :     Started issueDocuments (rest://get:issueDocuments/%7BinsuranceId%7D)
2024-08-09T11:15:45.702+05:30  INFO 26017 --- [           main] o.a.c.impl.engine.AbstractCamelContext   :     Started route5 (seda://addpayments)
2024-08-09T11:15:45.702+05:30  INFO 26017 --- [           main] o.a.c.impl.engine.AbstractCamelContext   :     Started processPolicy (seda://processPolicy)
2024-08-09T11:15:45.702+05:30  INFO 26017 --- [           main] o.a.c.impl.engine.AbstractCamelContext   :     Started pdfroute (seda://htmlToPdf)
2024-08-09T11:15:45.702+05:30  INFO 26017 --- [           main] o.a.c.impl.engine.AbstractCamelContext   :     Started sendEmail (seda://mailRoute)
2024-08-09T11:15:45.702+05:30  INFO 26017 --- [           main] o.a.c.impl.engine.AbstractCamelContext   :     Started getHeaders (rest://get:headers)
2024-08-09T11:15:45.702+05:30  INFO 26017 --- [           main] o.a.c.impl.engine.AbstractCamelContext   :     Started route6 (rest://options:getPolicies)
2024-08-09T11:15:45.702+05:30  INFO 26017 --- [           main] o.a.c.impl.engine.AbstractCamelContext   :     Started getPolicies (rest://post:getPolicies)
2024-08-09T11:15:45.702+05:30  INFO 26017 --- [           main] o.a.c.impl.engine.AbstractCamelContext   :     Started route7 (rest://options:rejectPolicies)
2024-08-09T11:15:45.703+05:30  INFO 26017 --- [           main] o.a.c.impl.engine.AbstractCamelContext   :     Started rejectPolicies (rest://post:rejectPolicies)
2024-08-09T11:15:45.703+05:30  INFO 26017 --- [           main] o.a.c.impl.engine.AbstractCamelContext   :     Started options-addPaymentStatus (rest://options:updatePolicy/%7BpolicytypeId%7D)
2024-08-09T11:15:45.703+05:30  INFO 26017 --- [           main] o.a.c.impl.engine.AbstractCamelContext   :     Started update-policy-plan (rest://put:updatePolicy/%7BpolicytypeId%7D)
2024-08-09T11:15:45.703+05:30  INFO 26017 --- [           main] o.a.c.impl.engine.AbstractCamelContext   : Apache Camel 4.4.1 (camel-1) started in 233ms (build:0ms init:0ms start:233ms)
2024-08-09T11:15:45.910+05:30  WARN 26017 --- [           main] JpaBaseConfiguration$JpaWebConfiguration : spring.jpa.open-in-view is enabled by default. Therefore, database queries may be performed during view rendering. Explicitly configure spring.jpa.open-in-view to disable this warning
2024-08-09T11:15:46.495+05:30  INFO 26017 --- [           main] c.c.P.PolicyManagementApplicationTests   : Started PolicyManagementApplicationTests in 5.03 seconds (process running for 5.944)
]]></system-out>
  </testcase>
</testsuite>